<?xml version="1.0" encoding="UTF-8"?>
<testsuite xmlns:xsi="http://www.w3.org/2001/XMLSchema-instance" xsi:noNamespaceSchemaLocation="https://maven.apache.org/surefire/maven-surefire-plugin/xsd/surefire-test-report.xsd" name="com.powsybl.timeseries.StringTimeSeriesTest" time="0" tests="3" errors="0" skipped="0" failures="0">
  <properties>
    <property name="sun.desktop" value="gnome"/>
    <property name="awt.toolkit" value="sun.awt.X11.XToolkit"/>
    <property name="file.encoding.pkg" value="sun.io"/>
    <property name="java.specification.version" value="1.8"/>
    <property name="sun.cpu.isalist" value=""/>
    <property name="sun.jnu.encoding" value="UTF-8"/>
    <property name="java.class.path" value="/home/nassnamb/sources/powsybl-core/time-series/time-series-api/target/test-classes:/home/nassnamb/sources/powsybl-core/time-series/time-series-api/target/classes:/home/nassnamb/.m2/repository/commons-io/commons-io/2.5/commons-io-2.5.jar:/home/nassnamb/.m2/repository/org/threeten/threeten-extra/1.0/threeten-extra-1.0.jar:/home/nassnamb/sources/powsybl-core/commons/target/powsybl-commons-2.2.0-SNAPSHOT.jar:/home/nassnamb/.m2/repository/com/fasterxml/jackson/core/jackson-databind/2.8.7/jackson-databind-2.8.7.jar:/home/nassnamb/.m2/repository/com/fasterxml/jackson/core/jackson-annotations/2.8.0/jackson-annotations-2.8.0.jar:/home/nassnamb/.m2/repository/com/fasterxml/jackson/core/jackson-core/2.8.7/jackson-core-2.8.7.jar:/home/nassnamb/.m2/repository/com/google/auto/service/auto-service/1.0-rc2/auto-service-1.0-rc2.jar:/home/nassnamb/.m2/repository/com/google/auto/auto-common/0.3/auto-common-0.3.jar:/home/nassnamb/.m2/repository/com/google/guava/guava/20.0/guava-20.0.jar:/home/nassnamb/.m2/repository/commons-cli/commons-cli/1.3.1/commons-cli-1.3.1.jar:/home/nassnamb/.m2/repository/joda-time/joda-time/2.9.7/joda-time-2.9.7.jar:/home/nassnamb/.m2/repository/net/java/truevfs/truevfs-driver-zip/0.12.0/truevfs-driver-zip-0.12.0.jar:/home/nassnamb/.m2/repository/net/java/truevfs/truevfs-comp-ibm437/0.12.0/truevfs-comp-ibm437-0.12.0.jar:/home/nassnamb/.m2/repository/net/java/truecommons/truecommons-annotations/2.5.0/truecommons-annotations-2.5.0.jar:/home/nassnamb/.m2/repository/com/google/code/findbugs/annotations/3.0.0/annotations-3.0.0.jar:/home/nassnamb/.m2/repository/net/java/truevfs/truevfs-comp-zipdriver/0.12.0/truevfs-comp-zipdriver-0.12.0.jar:/home/nassnamb/.m2/repository/net/java/truevfs/truevfs-comp-zip/0.12.0/truevfs-comp-zip-0.12.0.jar:/home/nassnamb/.m2/repository/org/bouncycastle/bcprov-jdk15on/1.58/bcprov-jdk15on-1.58.jar:/home/nassnamb/.m2/repository/net/java/truecommons/truecommons-io/2.5.0/truecommons-io-2.5.0.jar:/home/nassnamb/.m2/repository/net/java/truecommons/truecommons-key-spec/2.5.0/truecommons-key-spec-2.5.0.jar:/home/nassnamb/.m2/repository/net/java/truecommons/truecommons-shed/2.5.0/truecommons-shed-2.5.0.jar:/home/nassnamb/.m2/repository/net/java/truevfs/truevfs-kernel-spec/0.12.0/truevfs-kernel-spec-0.12.0.jar:/home/nassnamb/.m2/repository/net/java/truecommons/truecommons-cio/2.5.0/truecommons-cio-2.5.0.jar:/home/nassnamb/.m2/repository/net/java/truecommons/truecommons-services/2.5.0/truecommons-services-2.5.0.jar:/home/nassnamb/.m2/repository/net/java/truecommons/truecommons-logging/2.5.0/truecommons-logging-2.5.0.jar:/home/nassnamb/.m2/repository/javax/inject/javax.inject/1/javax.inject-1.jar:/home/nassnamb/.m2/repository/net/sf/supercsv/super-csv/2.4.0/super-csv-2.4.0.jar:/home/nassnamb/.m2/repository/net/sf/trove4j/trove4j/3.0.3/trove4j-3.0.3.jar:/home/nassnamb/.m2/repository/org/apache/commons/commons-compress/1.17/commons-compress-1.17.jar:/home/nassnamb/.m2/repository/org/apache/commons/commons-lang3/3.4/commons-lang3-3.4.jar:/home/nassnamb/.m2/repository/org/slf4j/slf4j-api/1.7.22/slf4j-api-1.7.22.jar:/home/nassnamb/.m2/repository/org/ow2/sirocco/sirocco-text-table-formatter/1.0/sirocco-text-table-formatter-1.0.jar:/home/nassnamb/.m2/repository/org/yaml/snakeyaml/1.21/snakeyaml-1.21.jar:/home/nassnamb/.m2/repository/com/google/guava/guava-testlib/20.0/guava-testlib-20.0.jar:/home/nassnamb/.m2/repository/com/google/code/findbugs/jsr305/1.3.9/jsr305-1.3.9.jar:/home/nassnamb/.m2/repository/com/google/errorprone/error_prone_annotations/2.0.12/error_prone_annotations-2.0.12.jar:/home/nassnamb/.m2/repository/junit/junit/4.12/junit-4.12.jar:/home/nassnamb/.m2/repository/org/hamcrest/hamcrest-core/1.3/hamcrest-core-1.3.jar:/home/nassnamb/.m2/repository/org/mockito/mockito-all/1.10.19/mockito-all-1.10.19.jar:/home/nassnamb/.m2/repository/org/slf4j/slf4j-simple/1.7.22/slf4j-simple-1.7.22.jar:"/>
    <property name="java.vm.vendor" value="Oracle Corporation"/>
    <property name="sun.arch.data.model" value="64"/>
    <property name="java.vendor.url" value="http://java.oracle.com/"/>
    <property name="user.timezone" value=""/>
    <property name="java.vm.specification.version" value="1.8"/>
    <property name="os.name" value="Linux"/>
    <property name="user.country" value="FR"/>
    <property name="sun.java.launcher" value="SUN_STANDARD"/>
    <property name="sun.boot.library.path" value="/home/nassnamb/jdk1.8.0_181/jre/lib/amd64"/>
    <property name="sun.java.command" value="/home/nassnamb/sources/powsybl-core/time-series/time-series-api/target/surefire/surefirebooter4443113763004307241.jar /home/nassnamb/sources/powsybl-core/time-series/time-series-api/target/surefire 2018-09-27T18-26-25_988-jvmRun1 surefire5556458442736220177tmp surefire_11459278310611964840tmp"/>
    <property name="surefire.test.class.path" value="/home/nassnamb/sources/powsybl-core/time-series/time-series-api/target/test-classes:/home/nassnamb/sources/powsybl-core/time-series/time-series-api/target/classes:/home/nassnamb/.m2/repository/commons-io/commons-io/2.5/commons-io-2.5.jar:/home/nassnamb/.m2/repository/org/threeten/threeten-extra/1.0/threeten-extra-1.0.jar:/home/nassnamb/sources/powsybl-core/commons/target/powsybl-commons-2.2.0-SNAPSHOT.jar:/home/nassnamb/.m2/repository/com/fasterxml/jackson/core/jackson-databind/2.8.7/jackson-databind-2.8.7.jar:/home/nassnamb/.m2/repository/com/fasterxml/jackson/core/jackson-annotations/2.8.0/jackson-annotations-2.8.0.jar:/home/nassnamb/.m2/repository/com/fasterxml/jackson/core/jackson-core/2.8.7/jackson-core-2.8.7.jar:/home/nassnamb/.m2/repository/com/google/auto/service/auto-service/1.0-rc2/auto-service-1.0-rc2.jar:/home/nassnamb/.m2/repository/com/google/auto/auto-common/0.3/auto-common-0.3.jar:/home/nassnamb/.m2/repository/com/google/guava/guava/20.0/guava-20.0.jar:/home/nassnamb/.m2/repository/commons-cli/commons-cli/1.3.1/commons-cli-1.3.1.jar:/home/nassnamb/.m2/repository/joda-time/joda-time/2.9.7/joda-time-2.9.7.jar:/home/nassnamb/.m2/repository/net/java/truevfs/truevfs-driver-zip/0.12.0/truevfs-driver-zip-0.12.0.jar:/home/nassnamb/.m2/repository/net/java/truevfs/truevfs-comp-ibm437/0.12.0/truevfs-comp-ibm437-0.12.0.jar:/home/nassnamb/.m2/repository/net/java/truecommons/truecommons-annotations/2.5.0/truecommons-annotations-2.5.0.jar:/home/nassnamb/.m2/repository/com/google/code/findbugs/annotations/3.0.0/annotations-3.0.0.jar:/home/nassnamb/.m2/repository/net/java/truevfs/truevfs-comp-zipdriver/0.12.0/truevfs-comp-zipdriver-0.12.0.jar:/home/nassnamb/.m2/repository/net/java/truevfs/truevfs-comp-zip/0.12.0/truevfs-comp-zip-0.12.0.jar:/home/nassnamb/.m2/repository/org/bouncycastle/bcprov-jdk15on/1.58/bcprov-jdk15on-1.58.jar:/home/nassnamb/.m2/repository/net/java/truecommons/truecommons-io/2.5.0/truecommons-io-2.5.0.jar:/home/nassnamb/.m2/repository/net/java/truecommons/truecommons-key-spec/2.5.0/truecommons-key-spec-2.5.0.jar:/home/nassnamb/.m2/repository/net/java/truecommons/truecommons-shed/2.5.0/truecommons-shed-2.5.0.jar:/home/nassnamb/.m2/repository/net/java/truevfs/truevfs-kernel-spec/0.12.0/truevfs-kernel-spec-0.12.0.jar:/home/nassnamb/.m2/repository/net/java/truecommons/truecommons-cio/2.5.0/truecommons-cio-2.5.0.jar:/home/nassnamb/.m2/repository/net/java/truecommons/truecommons-services/2.5.0/truecommons-services-2.5.0.jar:/home/nassnamb/.m2/repository/net/java/truecommons/truecommons-logging/2.5.0/truecommons-logging-2.5.0.jar:/home/nassnamb/.m2/repository/javax/inject/javax.inject/1/javax.inject-1.jar:/home/nassnamb/.m2/repository/net/sf/supercsv/super-csv/2.4.0/super-csv-2.4.0.jar:/home/nassnamb/.m2/repository/net/sf/trove4j/trove4j/3.0.3/trove4j-3.0.3.jar:/home/nassnamb/.m2/repository/org/apache/commons/commons-compress/1.17/commons-compress-1.17.jar:/home/nassnamb/.m2/repository/org/apache/commons/commons-lang3/3.4/commons-lang3-3.4.jar:/home/nassnamb/.m2/repository/org/slf4j/slf4j-api/1.7.22/slf4j-api-1.7.22.jar:/home/nassnamb/.m2/repository/org/ow2/sirocco/sirocco-text-table-formatter/1.0/sirocco-text-table-formatter-1.0.jar:/home/nassnamb/.m2/repository/org/yaml/snakeyaml/1.21/snakeyaml-1.21.jar:/home/nassnamb/.m2/repository/com/google/guava/guava-testlib/20.0/guava-testlib-20.0.jar:/home/nassnamb/.m2/repository/com/google/code/findbugs/jsr305/1.3.9/jsr305-1.3.9.jar:/home/nassnamb/.m2/repository/com/google/errorprone/error_prone_annotations/2.0.12/error_prone_annotations-2.0.12.jar:/home/nassnamb/.m2/repository/junit/junit/4.12/junit-4.12.jar:/home/nassnamb/.m2/repository/org/hamcrest/hamcrest-core/1.3/hamcrest-core-1.3.jar:/home/nassnamb/.m2/repository/org/mockito/mockito-all/1.10.19/mockito-all-1.10.19.jar:/home/nassnamb/.m2/repository/org/slf4j/slf4j-simple/1.7.22/slf4j-simple-1.7.22.jar:"/>
    <property name="sun.cpu.endian" value="little"/>
    <property name="user.home" value="/home/nassnamb"/>
    <property name="user.language" value="fr"/>
    <property name="java.specification.vendor" value="Oracle Corporation"/>
    <property name="java.home" value="/home/nassnamb/jdk1.8.0_181/jre"/>
    <property name="basedir" value="/home/nassnamb/sources/powsybl-core/time-series/time-series-api"/>
    <property name="file.separator" value="/"/>
    <property name="line.separator" value="&#10;"/>
    <property name="java.vm.specification.vendor" value="Oracle Corporation"/>
    <property name="java.specification.name" value="Java Platform API Specification"/>
    <property name="java.awt.graphicsenv" value="sun.awt.X11GraphicsEnvironment"/>
    <property name="surefire.real.class.path" value="/home/nassnamb/sources/powsybl-core/time-series/time-series-api/target/surefire/surefirebooter4443113763004307241.jar"/>
    <property name="sun.boot.class.path" value="/home/nassnamb/jdk1.8.0_181/jre/lib/resources.jar:/home/nassnamb/jdk1.8.0_181/jre/lib/rt.jar:/home/nassnamb/jdk1.8.0_181/jre/lib/sunrsasign.jar:/home/nassnamb/jdk1.8.0_181/jre/lib/jsse.jar:/home/nassnamb/jdk1.8.0_181/jre/lib/jce.jar:/home/nassnamb/jdk1.8.0_181/jre/lib/charsets.jar:/home/nassnamb/jdk1.8.0_181/jre/lib/jfr.jar:/home/nassnamb/jdk1.8.0_181/jre/classes"/>
    <property name="sun.management.compiler" value="HotSpot 64-Bit Tiered Compilers"/>
    <property name="java.runtime.version" value="1.8.0_181-b13"/>
    <property name="user.name" value="nassnamb"/>
    <property name="path.separator" value=":"/>
    <property name="os.version" value="4.17.4-150.vanilla.knurd.1.fc27.x86_64"/>
    <property name="java.endorsed.dirs" value="/home/nassnamb/jdk1.8.0_181/jre/lib/endorsed"/>
    <property name="java.runtime.name" value="Java(TM) SE Runtime Environment"/>
    <property name="file.encoding" value="UTF-8"/>
    <property name="java.vm.name" value="Java HotSpot(TM) 64-Bit Server VM"/>
    <property name="localRepository" value="/home/nassnamb/.m2/repository"/>
    <property name="java.vendor.url.bug" value="http://bugreport.sun.com/bugreport/"/>
    <property name="java.io.tmpdir" value="/tmp"/>
    <property name="java.version" value="1.8.0_181"/>
    <property name="user.dir" value="/home/nassnamb/sources/powsybl-core/time-series/time-series-api"/>
    <property name="os.arch" value="amd64"/>
    <property name="java.vm.specification.name" value="Java Virtual Machine Specification"/>
    <property name="java.awt.printerjob" value="sun.print.PSPrinterJob"/>
    <property name="sun.os.patch.level" value="unknown"/>
    <property name="java.library.path" value="/usr/java/packages/lib/amd64:/usr/lib64:/lib64:/lib:/usr/lib"/>
    <property name="java.vm.info" value="mixed mode"/>
    <property name="java.vendor" value="Oracle Corporation"/>
    <property name="java.vm.version" value="25.181-b13"/>
    <property name="java.ext.dirs" value="/home/nassnamb/jdk1.8.0_181/jre/lib/ext:/usr/java/packages/lib/ext"/>
    <property name="sun.io.unicode.encoding" value="UnicodeLittle"/>
    <property name="java.class.version" value="52.0"/>
  </properties>
  <testcase name="testCreateError" classname="com.powsybl.timeseries.StringTimeSeriesTest" time="0"/>
  <testcase name="test" classname="com.powsybl.timeseries.StringTimeSeriesTest" time="0"/>
  <testcase name="testCreate" classname="com.powsybl.timeseries.StringTimeSeriesTest" time="0"/>
</testsuite>